1121 124 121 40183 34952
5636 129 129 39945 34944
13429 132 141 40102 34932
13430 142 137 39991 34936
13431 147 140 40275 34933
13432 143 130 39990 34943
13433 157 152 40086 34921
13434 131 147 40139 34926
13435 133 141 39882 34932
13456 142 148 40023 34925
13457 133 130 40112 34943
13458 139 135 39961 34938
13518 127 133 40160 34940
13519 118 130 40122 34943
13520 151 145 40006 34928
13521 143 144 39786 34929
13522 142 139 40108 34934
13523 145 136 39950 34937
13524 128 124 40142 34949
13525 166 153 39795 34920
13526 143 137 40147 34936
13527 164 162 40107 34911
13528 124 136 40083 34937
13529 150 147 40225 34926
13530 131 130 40066 34943
13531 141 143 40343 34930
13532 123 131 40001 34942
13533 150 150 40233 34923
13534 140 143 40011 34930
13535 136 140 40160 34933
13536 135 135 40180 34938
13537 125 135 39935 34938
13538 107 128 40020 34945
13539 151 141 40035 34932
13540 148 149 39965 34924
13541 152 151 39983 34922
13542 158 152 39905 34921
13543 137 131 40000 34942
13544 133 145 40073 34928
13545 138 142 39968 34931
13546 140 143 40116 34930
13547 134 132 40041 34941
13548 136 137 39976 34936
13549 156 149 40007 34924
13550 131 127 40070 34946
13551 121 130 40081 34943
13552 148 148 40030 34925
13553 146 148 40063 34925
13554 142 138 39819 34935
13555 171 160 39910 34913
13556 143 130 39857 34943
13557 114 115 40106 34958
13558 143 137 40171 34936
13559 145 143 40131 34930
13560 154 144 40124 34929
13561 142 137 40246 34936
13562 136 136 39990 34937
13563 134 146 39921 34927
13564 142 142 40239 34931
13565 133 139 39960 34934
13566 134 151 40218 34922
13567 142 145 39894 34928
13568 133 142 40080 34931
13569 161 146 40030 34927
13570 162 148 40088 34925
13571 119 143 40196 34930
13572 103 122 40141 34951
13573 146 134 40055 34939
13574 159 150 39910 34923
13575 135 125 40237 34948
13576 115 130 40122 34943
13577 146 141 40281 34932
13578 150 144 39932 34929
13579 145 150 40087 34923
13580 158 147 39999 34926
13581 163 151 40037 34922
13582 132 144 40002 34929
13583 142 137 40032 34936
13584 105 120 40143 34953
13585 124 142 40021 34931
13586 132 142 39988 34931
13587 140 141 40354 34932
13588 138 140 39981 34933
13589 106 107 40120 34966
13590 155 151 40062 34922
13591 161 143 40147 34930
13592 138 142 40012 34931
13593 138 136 40038 34937
13594 134 134 40068 34939
13595 125 139 40000 34934
13596 148 137 40114 34936
13597 155 146 39908 34927
13598 134 141 39964 34932
13599 160 146 40076 34927
13600 137 144 40086 34929
13601 137 144 39849 34929
13602 141 150 40008 34923
13603 152 142 40202 34931
13604 122 127 40224 34946
13605 136 126 40168 34947
13606 137 144 40098 34929
13607 158 138 40230 34935
13608 154 146 40093 34927
13609 154 150 40071 34923
13610 148 134 40210 34939
13611 134 131 40003 34942
13612 154 144 40150 34929
13613 142 147 40139 34926
13614 153 150 39928 34923
13615 140 142 40067 34931
13616 118 125 39997 34948
13617 145 142 40095 34931
13618 133 145 39903 34928
13619 121 126 39955 34947
13620 156 147 39942 34926
13621 117 127 40126 34946
13661 120 128 39888 34945
13663 124 124 39984 34949
13668 121 126 40218 34947
13688 114 123 40034 34950
13689 152 147 39991 34926
13690 144 131 40165 34942
13691 134 132 40068 34941
13692 144 138 39925 34935
13693 126 131 39872 34942
13694 134 134 40171 34939
13695 142 131 40145 34942
13696 145 146 39947 34927
13697 146 143 40078 34930
13699 106 124 39992 34949
13700 123 131 39996 34942
13701 130 133 40028 34940
13702 135 138 39997 34935
13703 126 127 40098 34946
13804 142 136 40057 34937
13805 150 140 40002 34933
13806 166 157 40090 34916
13807 118 129 40020 34944
13808 156 150 40002 34923
13809 155 148 40027 34925
13810 152 147 40129 34926
13811 128 135 40070 34938
13812 142 133 39961 34940
13813 163 154 40136 34919
13937 140 135 39981 34938
14090 120 133 40211 34940
14091 149 138 40132 34935
14092 130 138 40187 34935
14093 122 137 40122 34936
14094 136 136 40123 34937
14095 140 140 39989 34933
14096 151 148 40032 34925
14097 159 140 40124 34933
19511 130 138 40110 34935
19518 136 132 40095 34941
19520 137 133 40168 34940
19521 117 113 40087 34960
19522 118 120 40214 34953
19523 119 128 40022 34945
19524 139 141 40057 34932
19528 96 112 40313 34961
19544 120 127 40202 34946
19545 152 141 40036 34932
19546 129 127 40162 34946
19547 144 144 39994 34929
19548 145 135 40099 34938
19549 143 147 40003 34926
19550 148 151 40169 34922
19551 129 126 40056 34947
19552 139 136 40050 34937
19553 149 152 40151 34921
19554 131 127 39942 34946
19555 161 149 40069 34924
19556 132 123 40214 34950
19557 131 132 39939 34941
19558 155 141 39998 34932
19559 144 137 40211 34936
19560 146 139 40316 34934
19561 145 139 39989 34934
19562 128 137 40103 34936
19563 127 135 40187 34938
19564 130 129 39868 34944
19565 145 134 40058 34939
19566 124 123 40158 34950
19567 132 124 39990 34949
19568 127 133 40042 34940
19569 116 134 40225 34939
19570 147 145 39877 34928
19571 131 136 40092 34937
19572 136 132 40047 34941
19573 117 136 40193 34937
19574 146 136 39866 34937
19575 124 124 40173 34949
19576 125 130 40114 34943
19577 134 138 40022 34935
19578 146 140 40003 34933
29091 118 117 40217 34956
29092 126 125 40211 34948
29093 130 146 40163 34927
29094 161 155 39802 34918
29095 133 130 40122 34943
29096 114 125 40131 34948
29097 108 126 40143 34947
29098 143 135 40218 34938
29099 128 137 40155 34936
29100 119 128 40007 34945
29101 139 150 40024 34923
29102 149 150 40047 34923
29103 147 142 39946 34931
29104 134 129 40179 34944
30991 133 130 40088 34943
30994 130 128 39906 34945
30995 130 138 40273 34935
30996 143 133 39870 34940
30997 131 132 40180 34941
30998 137 139 40137 34934
30999 147 148 40232 34925
31000 114 130 40067 34943
31001 147 143 40376 34930
31002 134 137 40098 34936
31003 136 137 40026 34936
31004 136 130 40056 34943
31012 108 122 40234 34951
31013 118 130 40063 34943
31056 111 120 40179 34953
31057 139 133 40240 34940
31058 130 141 39891 34932
31059 141 146 40224 34927
31060 133 123 40154 34950
31061 134 137 39911 34936
31062 138 138 40113 34935
31063 126 126 40353 34947
31064 132 131 40126 34942
31065 129 120 40243 34953
31066 139 137 39995 34936
31067 139 129 40036 34944
31068 117 118 40176 34955
31069 136 128 39904 34945
31070 141 135 40002 34938
31071 135 136 40111 34937
31072 112 111 39937 34962
31073 124 119 39941 34954
31074 142 117 40035 34956
31075 118 124 40229 34949
31076 149 136 40231 34937
31077 106 116 40038 34957
31078 124 137 40137 34936
31079 108 116 40004 34957
31080 160 145 40165 34928
31081 108 104 39914 34969
31082 128 127 40083 34946
31083 132 128 40195 34945
31084 171 159 40001 34914
31085 118 119 40245 34954
31086 105 114 40159 34959
31087 141 132 40142 34941
31088 140 131 40110 34942
31089 130 133 40082 34940
31090 157 154 40102 34919
31091 134 123 40038 34950
31092 147 142 40023 34931
31093 154 137 40118 34936
31094 148 138 40030 34935
31095 121 131 40205 34942
31096 124 128 39943 34945
31097 136 142 40116 34931
31098 131 128 40039 34945
31099 136 133 39996 34940
31100 171 146 40257 34927
31101 127 139 40153 34934
31102 135 132 40104 34941
31103 143 143 40179 34930
31104 125 131 40069 34942
31105 127 128 40336 34945
31106 129 133 40345 34940
31107 145 141 39935 34932
31108 150 133 40062 34940
31109 133 134 40002 34939
31110 134 124 39946 34949
31111 112 125 40126 34948
31112 120 136 40078 34937
31113 122 128 40278 34945
31114 118 129 40025 34944
31115 157 144 40321 34929
31116 154 144 40094 34929
31117 158 151 40206 34922
31118 131 141 40203 34932
31119 122 127 39953 34946
31120 139 131 40176 34942
31121 133 131 40204 34942
31122 148 139 39978 34934
31123 160 159 40029 34914
31124 143 147 40120 34926
31125 143 141 40070 34932
31126 150 139 40236 34934
31127 163 156 39959 34917
31128 154 143 39979 34930
31129 158 150 40203 34923
31130 148 138 40024 34935
31131 102 113 40138 34960
31132 102 111 40074 34962
31133 137 137 40217 34936
31134 137 129 40079 34944
31135 143 137 40055 34936
31136 129 131 40031 34942
31137 152 141 40255 34932
31138 130 138 40052 34935
31139 165 146 40169 34927
31140 125 124 40012 34949
31142 118 133 40239 34940
31143 148 140 40097 34933
31144 124 133 40196 34940
31145 145 152 39848 34921
31146 150 142 40127 34931
31147 116 135 39973 34938
31634 121 106 40289 34967
31654 149 144 39930 34929
31655 167 149 40280 34924
31656 135 142 40038 34931
31657 119 122 40167 34951
31658 146 135 40103 34938
31659 135 128 39998 34945
31660 142 127 39970 34946
31661 149 138 40107 34935
31662 133 137 39822 34936
31663 116 122 39971 34951
31664 130 128 40350 34945
31665 121 125 40166 34948
31666 108 117 40174 34956
31667 121 127 40120 34946
31668 140 137 40153 34936
31669 121 123 40067 34950
31670 151 139 39887 34934
31671 123 138 39992 34935
31672 136 130 40249 34943
31673 115 118 40203 34955
31677 134 140 40104 34933
31759 129 132 40232 34941
31760 129 130 40269 34943
31792 114 133 40048 34940
31793 131 125 40108 34948
31822 130 126 40086 34947
31823 91 108 40081 34965
31839 152 145 40238 34928
31840 111 117 40006 34956
31841 117 116 40134 34957
31842 116 113 39888 34960
31844 110 119 40188 34954
31847 142 145 40166 34928
31848 136 126 39970 34947
31849 159 156 39963 34917
31850 118 117 40118 34956
31851 132 137 40179 34936
31852 141 140 39994 34933
31853 110 125 40315 34948
31854 132 138 40071 34935
31855 149 143 40006 34930
31856 138 133 40115 34940
31857 142 136 40074 34937
31858 115 118 40223 34955
31859 145 139 40110 34934
31860 130 142 40058 34931
31861 138 140 39902 34933
31862 125 127 40194 34946
31863 137 140 40238 34933
31864 130 128 40165 34945
31865 134 128 40109 34945
31866 131 145 40072 34928
31867 119 124 39996 34949
31868 124 129 40215 34944
31869 140 140 40002 34933
31874 96 117 40308 34956
31894 96 106 40112 34967
33431 100 122 40147 34951
33434 74 96 40167 34977
39320 126 129 40081 34944
40167 107 119 39914 34954
40474 133 134 39915 34939
40480 123 122 40063 34951
40495 131 143 40010 34930
40496 125 139 40034 34934
42335 135 138 40173 34935
42336 137 143 40122 34930
42337 138 140 40037 34933
42390 155 148 40116 34925
42391 139 136 40121 34937
42392 135 132 40114 34941
42393 148 153 40093 34920
42394 135 132 40134 34941
42395 108 123 40047 34950
42396 147 142 40171 34931
42397 166 152 39970 34921
42398 109 112 39987 34961
42399 151 142 40159 34931
42408 128 122 40288 34951
42411 127 129 40144 34944
42412 118 129 40345 34944
42416 137 140 39997 34933
42419 150 142 39985 34931
42420 141 135 40018 34938
42421 118 124 40105 34949
42422 129 135 40151 34938
42423 143 132 40068 34941
42424 137 133 40110 34940
42425 143 146 40199 34927
42426 123 126 40168 34947
42427 130 130 40201 34943
42428 135 139 39967 34934
42429 132 131 40008 34942
42430 128 147 39891 34926
42431 139 142 39895 34931
42432 145 141 40146 34932
42433 107 129 40018 34944
42434 140 129 40129 34944
42435 131 131 40288 34942
42436 138 134 39992 34939
42437 149 144 40079 34929
42438 123 125 40184 34948
42439 123 115 40141 34958
42440 138 143 39970 34930
42441 123 138 40093 34935
42442 148 136 40100 34937
42443 132 125 40234 34948
42444 139 137 39921 34936
42445 120 124 40040 34949
42446 134 132 40163 34941
42526 126 131 40129 34942
42534 138 132 40133 34941
42896 94 103 40105 34970
43027 130 127 40172 34946
43028 116 126 40208 34947
43455 125 127 40004 34946
43456 144 154 40183 34919
43457 159 145 40207 34928
43458 115 127 40137 34946
43459 98 112 40190 34961
43460 127 123 40355 34950
43461 133 124 39895 34949
43462 143 141 40032 34932
43463 122 131 39864 34942
43464 128 126 40041 34947
43465 116 121 40133 34952
43466 155 138 39964 34935
43467 135 131 40158 34942
43468 163 146 39971 34927
43469 135 138 40225 34935
43470 129 121 40065 34952
43471 129 135 40203 34938
43472 143 137 40087 34936
43473 171 155 39787 34918
43474 132 132 40201 34941
43475 110 127 39992 34946
43476 126 123 39898 34950
43477 148 148 40004 34925
43478 115 109 40136 34964
43479 141 141 40263 34932
43480 153 150 40162 34923
43487 139 138 40120 34935
43491 137 143 39910 34930
43493 145 146 40101 34927
43494 108 115 40111 34958
43501 136 129 40228 34944
43502 140 139 40121 34934
43503 99 106 40171 34967
43504 124 119 40095 34954
43505 120 126 40055 34947
43506 134 134 40035 34939
43507 124 122 40004 34951
43508 144 145 40267 34928
43509 137 127 39969 34946
43510 114 112 40006 34961
43511 140 145 40289 34928
43512 122 137 40186 34936
43513 135 132 40208 34941
44088 115 125 40117 34948
44089 132 140 40197 34933
44090 133 135 39843 34938
44091 128 136 40240 34937
44092 138 143 40122 34930
47316 109 107 40218 34966
53028 93 106 40217 34967
53030 117 124 40225 34949
53101 127 130 40213 34943
53122 104 120 40087 34953
53175 134 138 40194 34935
53176 151 144 40110 34929
53177 141 147 40242 34926
53178 160 154 40196 34919
53179 128 136 39979 34937
53180 136 141 40035 34932
53181 152 147 40038 34926
53182 177 159 40024 34914
53183 129 128 39992 34945
53184 137 133 40117 34940
56580 126 124 40082 34949
57095 124 132 40103 34941
57229 126 118 40055 34955
57230 104 111 39998 34962
57232 107 119 40175 34954
57243 114 122 40138 34951
58603 107 123 39960 34950
59235 118 123 40137 34950
59453 97 103 39998 34970
59739 115 117 40146 34956
59740 119 127 40197 34946
59741 141 137 39933 34936
59742 115 128 40273 34945
59743 126 132 40086 34941
59793 147 140 40054 34933
59958 119 121 40116 34952
61551 99 112 40053 34961
61624 122 124 40080 34949
66085 151 146 39986 34927
66086 157 153 40063 34920
66087 135 135 40009 34938
66088 149 146 39905 34927
66089 149 148 39983 34925
66090 139 141 40115 34932
66091 161 159 40113 34914
66092 140 136 40169 34937
66093 125 134 40246 34939
66094 116 140 39985 34933
66095 123 123 39906 34950
66096 158 148 40181 34925
66097 151 137 40020 34936
66098 143 135 40086 34938
66099 148 151 39924 34922
66100 103 118 40179 34955
66101 153 144 40142 34929
66102 117 143 40219 34930
66103 128 125 40007 34948
66104 131 124 40048 34949
66105 151 137 39827 34936
66106 124 117 40171 34956
66107 137 137 39937 34936
66108 143 138 39974 34935
66109 128 136 39987 34937
66110 128 146 40082 34927
68233 127 130 39880 34943
68255 122 135 40218 34938
68289 136 139 39885 34934
68290 120 126 40087 34947
68291 122 131 40045 34942
68297 140 142 40085 34931
68298 130 123 40026 34950
68299 131 134 39941 34939
68301 158 145 40208 34928
68302 157 151 40079 34922
68303 151 143 40124 34930
68304 134 135 40113 34938
68376 110 120 40167 34953
68377 132 131 40210 34942
68378 109 127 40342 34946
68379 128 135 40142 34938
68380 108 117 40101 34956
68381 129 133 40068 34940
68382 132 123 40143 34950
68383 131 131 40096 34942
68391 130 135 39903 34938
68392 109 118 40276 34955
68393 130 138 40035 34935
68394 128 127 40146 34946
68395 153 142 39926 34931
68396 154 144 40202 34929
68397 130 129 40023 34944
68398 124 128 40119 34945
68399 154 147 39946 34926
68400 138 133 40195 34940
68401 142 143 40117 34930
68402 107 122 40026 34951
68403 108 110 39929 34963
68404 110 112 40005 34961
68405 95 115 40218 34958
68406 121 121 40281 34952
68407 125 120 40005 34953
68408 140 137 39976 34936
68409 124 123 39996 34950
68410 130 138 40149 34935
68411 143 130 39992 34943
68412 152 142 40101 34931
68413 103 113 39967 34960
68415 120 125 39884 34948
68416 164 151 40030 34922
68417 119 124 39995 34949
68418 119 131 40049 34942
68419 120 117 40174 34956
68420 121 122 40280 34951
68421 156 145 40026 34928
68422 130 130 40003 34943
68423 124 129 40205 34944
68424 144 128 40111 34945
68425 144 136 40156 34937
68427 164 143 40078 34930
68428 130 131 39970 34942
68430 125 134 40132 34939
68431 127 131 40160 34942
68432 123 125 40312 34948
68433 127 123 40051 34950
68434 130 138 40084 34935
68435 111 119 40147 34954
68436 129 140 40103 34933
68437 138 131 40084 34942
68438 109 124 40065 34949
68439 119 120 39955 34953
68440 141 141 40160 34932
68441 137 139 40188 34934
71644 89 101 40022 34972
71699 117 128 40082 34945
71719 129 128 40173 34945
71720 127 127 40046 34946
71721 115 110 40161 34963
71844 116 114 40096 34959
71863 127 124 40211 34949
72608 114 109 40231 34964
72629 124 131 40374 34942
72631 127 130 40056 34943
72687 123 120 40062 34953
72695 120 130 39972 34943
73400 114 112 40286 34961
76822 105 112 40112 34961
76851 148 136 39981 34937
76852 119 135 39903 34938
76853 135 136 40092 34937
76854 172 152 40114 34921
76855 182 158 40091 34915
76856 135 148 40010 34925
76857 148 141 40105 34932
76858 127 135 40317 34938
76859 141 140 40041 34933
76860 122 128 40259 34945
76861 145 145 39851 34928
76862 112 135 40085 34938
76863 137 137 40283 34936
76864 132 135 39993 34938
76865 145 144 40080 34929
76866 136 134 40052 34939
76867 144 132 40195 34941
76868 135 143 40060 34930
76869 141 138 40061 34935
76870 107 118 39967 34955
76871 104 118 40091 34955
76872 141 136 39964 34937
76873 139 147 40209 34926
76874 115 129 39918 34944
76875 157 140 40047 34933
76876 147 141 40224 34932
76877 142 132 40177 34941
76878 147 144 40044 34929
76879 147 140 40089 34933
76880 153 150 39986 34923
76881 162 149 39937 34924
76882 157 150 40115 34923
76883 151 142 40023 34931
76884 129 126 39930 34947
76885 130 124 40109 34949
76886 141 144 39983 34929
76887 145 140 40121 34933
76888 132 137 39839 34936
76889 126 133 40089 34940
76890 142 130 40009 34943
76891 111 112 40054 34961
76892 149 142 40237 34931
76893 134 133 40126 34940
76894 135 142 40098 34931
76895 142 133 40086 34940
76896 124 124 40094 34949
76897 136 133 40059 34940
76898 141 141 40163 34932
76899 127 132 40175 34941
76900 134 140 40055 34933
76901 120 137 40117 34936
76902 133 131 40166 34942
76903 149 138 40141 34935
76904 126 125 40020 34948
76905 151 139 40123 34934
76906 150 147 40166 34926
76907 118 130 40101 34943
76908 152 132 40062 34941
76909 140 142 39816 34931
76910 139 136 40111 34937
76911 149 148 40096 34925
76912 139 146 40245 34927
76913 138 145 40199 34928
76914 133 140 40195 34933
76915 168 150 40133 34923
76916 137 150 40166 34923
76917 123 133 39964 34940
76918 143 141 40318 34932
76919 150 144 40155 34929
76920 146 148 39905 34925
76921 158 143 40034 34930
76922 156 144 40136 34929
76923 175 159 40011 34914
76924 132 138 40209 34935
76925 140 138 40188 34935
76928 135 151 39916 34922
76931 119 127 40201 34946
76932 120 118 40103 34955
77021 112 114 40192 34959
78387 105 115 40129 34958
78425 127 124 40298 34949
78426 142 141 40181 34932
78445 115 121 40016 34952
78446 152 139 40032 34934
78447 114 125 40167 34948
78448 158 149 40146 34924
78449 171 157 40104 34916
78450 123 130 40104 34943
78451 130 130 40033 34943
78452 141 138 40001 34935
78453 133 138 40011 34935
78454 132 134 40140 34939
78455 80 114 40020 34959
78456 122 136 40045 34937
78457 154 135 40018 34938
78458 147 131 40113 34942
78459 139 125 40158 34948
78460 131 128 40207 34945
78461 113 115 39978 34958
78462 124 119 39995 34954
78463 130 133 40094 34940
78464 138 132 40222 34941
78465 129 119 40045 34954
78466 131 125 40118 34948
78467 134 122 39985 34951
78468 162 142 40151 34931
78469 128 142 40020 34931
78470 133 130 39894 34943
78471 132 131 40063 34942
78472 133 140 40190 34933
78473 136 132 40111 34941
78474 128 118 40126 34955
78475 126 137 40068 34936
78476 147 142 39954 34931
78477 132 130 40119 34943
78478 127 125 40075 34948
79456 118 126 40240 34947
79457 108 121 40006 34952
79458 123 126 40098 34947
79459 147 139 40033 34934
79460 116 121 40248 34952
79461 130 133 40064 34940
79462 116 132 40261 34941
79463 122 133 40083 34940
79464 120 133 40229 34940
79465 152 146 40038 34927
79466 154 140 40004 34933
79467 136 127 40052 34946
79468 137 145 40048 34928
79469 142 147 40212 34926
83031 108 123 40132 34950
83072 106 123 40108 34950
83078 128 127 40278 34946
83079 119 125 40095 34948
83080 118 117 40330 34956
83081 119 121 40091 34952
83082 140 144 39975 34929
83083 154 140 39973 34933
83084 142 146 40292 34927
83085 156 150 39817 34923
83086 139 137 40261 34936
83087 121 126 40020 34947
83088 134 126 40035 34947
83089 132 128 40132 34945
83090 119 128 40031 34945
84280 138 132 40069 34941
84335 140 136 40185 34937
84336 134 143 40127 34930
84337 130 131 40255 34942
84338 151 153 39941 34920
84339 125 129 40292 34944
84340 148 153 40065 34920
84778 122 120 39803 34953
84779 143 134 40137 34939
84804 127 124 40155 34949
84805 106 111 40158 34962
84812 147 146 39963 34927
84813 130 128 39975 34945
84814 129 134 40019 34939
84815 132 130 40125 34943
84816 129 131 40121 34942
84817 101 116 40095 34957
84818 128 124 40311 34949
84819 122 122 40024 34951
84820 151 152 40089 34921
84821 138 136 40019 34937
84822 132 141 40135 34932
84823 119 126 40195 34947
84824 141 152 39909 34921
84825 146 141 40082 34932
84826 170 154 39803 34919
84827 142 150 40104 34923
84828 150 153 39959 34920
84829 148 153 40215 34920
84830 155 149 40118 34924
84832 130 136 40062 34937
84833 153 146 40154 34927
84834 143 144 40019 34929
84835 127 126 40163 34947
84836 151 142 40258 34931
84837 141 132 40138 34941
84838 160 148 40161 34925
84839 139 143 40192 34930
84840 116 120 40176 34953
84841 133 131 39977 34942
84842 135 129 39927 34944
84843 98 119 40114 34954
84844 121 117 40207 34956
84845 133 136 39942 34937
84846 136 130 40144 34943
84847 153 139 40066 34934
84848 129 130 40086 34943
84849 132 132 40225 34941
84850 140 136 40117 34937
84851 116 133 40173 34940
84852 105 125 40114 34948
84853 153 146 39936 34927
84854 123 139 39950 34934
84855 133 129 39980 34944
84856 130 125 40087 34948
84857 118 118 40335 34955
84858 138 140 40167 34933
84859 135 134 40105 34939
84860 155 139 40094 34934
84861 147 135 40011 34938
84862 121 128 40097 34945
84863 145 140 40242 34933
84864 134 126 40051 34947
84865 124 132 39995 34941
84866 149 134 40042 34939
84867 121 127 40040 34946
84868 138 133 40053 34940
84869 150 150 40089 34923
84870 119 116 40014 34957
84871 130 124 40030 34949
84872 134 133 40145 34940
84873 133 133 40094 34940
84874 126 130 40164 34943
84875 137 133 40080 34940
84876 111 126 40110 34947
84877 121 123 40081 34950
84878 134 136 39997 34937
84879 142 137 40044 34936
84880 140 138 40007 34935
84881 162 154 39925 34919
84882 141 136 40009 34937
84883 152 145 40120 34928
84890 117 117 40179 34956
84891 114 110 40100 34963
84900 107 110 40225 34963
84903 120 118 40262 34955
84904 139 137 40111 34936
84905 133 145 40027 34928
84906 116 122 40174 34951
84907 149 147 39875 34926
84908 136 139 40267 34934
84909 124 120 39822 34953
84910 134 129 40196 34944
85090 111 115 40033 34958
90819 156 155 40178 34918
100243 111 131 40244 34942
102557 126 118 40144 34955
103760 146 134 40091 34939
104531 128 131 40121 34942
106957 125 116 40222 34957
106958 120 129 39936 34944
106959 155 150 40143 34923
106960 136 144 40194 34929
107037 132 122 39981 34951
107218 157 148 40024 34925
107219 130 131 40119 34942
107220 144 141 39899 34932
107222 130 127 40067 34946
107223 156 135 40138 34938
107224 107 128 40339 34945
107225 140 134 40189 34939
107538 122 119 40010 34954
107541 128 124 39990 34949
107544 103 114 40193 34959
107545 146 130 40253 34943
107546 133 142 40081 34931
107547 146 136 40011 34937
107548 148 135 40125 34938
107549 121 133 40201 34940
107550 150 152 40152 34921
107551 155 143 40180 34930
107552 115 129 40169 34944
107553 147 141 40128 34932
107554 119 119 40203 34954
107555 114 133 40119 34940
107556 170 156 40106 34917
107557 151 139 40182 34934
107558 132 128 40032 34945
107559 141 135 39955 34938
107560 152 153 40002 34920
107561 101 123 40136 34950
107562 119 125 40198 34948
107563 133 137 40167 34936
107564 127 136 40340 34937
107565 115 124 40155 34949
107566 124 117 39977 34956
107567 132 132 40235 34941
107568 137 140 40116 34933
107569 135 147 39935 34926
107570 114 117 40268 34956
107571 155 146 40143 34927
107572 143 133 40174 34940
107573 136 139 40102 34934
107574 135 129 40089 34944
107575 111 118 40456 34955
107576 121 126 39885 34947
107577 139 134 40119 34939
107578 144 137 40098 34936
107579 153 151 40091 34922
107580 147 136 40193 34937
107581 124 130 39965 34943
107582 145 136 40213 34937
107583 136 143 39985 34930
107584 130 119 40066 34954
107585 117 123 40138 34950
107586 137 132 40276 34941
107587 138 136 40298 34937
107588 117 115 40111 34958
107589 115 120 40128 34953
107590 150 136 40053 34937
107591 151 136 39996 34937
107592 146 143 40051 34930
107593 114 123 40134 34950
107594 125 130 40085 34943
107595 157 147 40360 34926
107596 134 135 40112 34938
107597 154 141 40068 34932
107598 140 137 40032 34936
107599 129 142 40066 34931
107600 141 138 40193 34935
107601 131 133 40080 34940
107602 133 136 40160 34937
107603 134 136 40114 34937
107604 117 124 40188 34949
107605 126 122 39929 34951
107606 135 133 39952 34940
107607 143 130 40177 34943
107608 132 128 39940 34945
107609 165 146 40134 34927
107610 130 125 39941 34948
107611 134 132 39976 34941
107612 131 134 40086 34939
107613 135 143 40111 34930
107614 144 132 40148 34941
107615 121 134 39947 34939
107616 128 135 40142 34938
107617 125 130 40203 34943
107618 154 137 40153 34936
107619 140 139 40046 34934
107620 122 130 40079 34943
107621 127 134 40091 34939
107622 131 132 40004 34941
107623 154 140 40081 34933
107624 116 116 40044 34957
107625 139 138 40165 34935
107626 132 141 40007 34932
107627 142 142 40145 34931
107628 123 125 40036 34948
107629 144 134 40150 34939
107633 126 135 40000 34938
107634 118 120 40096 34953
107635 120 127 40060 34946
107636 107 126 40181 34947
107637 154 140 40036 34933
107638 153 137 40104 34936
107639 118 115 40087 34958
122850 128 129 40124 34944
122851 159 151 40185 34922
122852 117 138 39917 34935
122853 164 148 40066 34925
122854 145 151 39910 34922
122855 157 151 39902 34922
122856 130 142 40037 34931
122857 127 133 40175 34940
122858 135 140 40021 34933
122863 115 135 40148 34938
122864 131 139 40061 34934
122867 124 126 39940 34947
122875 124 134 40059 34939
122876 143 138 40131 34935
122877 163 154 40005 34919
122878 125 124 40127 34949
122879 158 138 40004 34935
122880 121 129 40071 34944
122881 162 155 40299 34918
122882 128 138 40170 34935
122883 163 154 40033 34919
122884 149 147 40076 34926
122885 119 134 39975 34939
122886 169 151 40052 34922
122887 156 143 40022 34930
122888 160 153 40108 34920
122889 158 152 40194 34921
122890 140 143 39991 34930
122891 125 137 40089 34936
122892 139 138 40070 34935
122893 115 126 40034 34947
122899 124 122 40127 34951
122900 139 143 40120 34930
122901 120 133 40239 34940
122902 146 142 40039 34931
122903 152 145 40041 34928
122904 113 122 40020 34951
122905 126 134 40069 34939
122906 136 138 40047 34935
122908 132 128 40149 34945
122909 145 142 40028 34931
122910 105 124 40053 34949
124072 106 107 40186 34966
128240 135 133 40242 34940
128243 120 126 40031 34947
128445 95 116 40236 34957
129286 124 110 40179 34963
129313 114 119 40179 34954
129314 138 138 40170 34935
129315 128 122 40169 34951
129316 106 111 40111 34962
129418 129 133 40117 34940
129667 118 121 40255 34952
129769 118 121 40020 34952
130317 117 120 40260 34953
130793 136 132 40092 34941
130794 120 123 40106 34950
130795 129 124 40058 34949
130796 121 122 40034 34951
130797 126 132 40179 34941
130798 116 119 40089 34954
130799 135 131 40064 34942
130800 135 135 40233 34938
130801 130 127 40149 34946
130802 106 110 39996 34963
130803 127 130 40029 34943
130804 142 126 40072 34947
130805 133 131 40225 34942
130806 151 156 39943 34917
130807 131 129 40183 34944
130808 138 143 39931 34930
130809 138 138 39901 34935
130810 117 124 40164 34949
130811 109 111 40047 34962
130812 124 129 40105 34944
130813 124 133 40080 34940
130814 135 137 40190 34936
130815 158 145 39947 34928
130816 148 134 40178 34939
130817 142 141 40200 34932
130818 150 153 39973 34920
130819 163 154 40007 34919
130820 117 133 40171 34940
130821 157 148 40081 34925
130822 144 146 39932 34927
130823 143 144 39946 34929
130824 128 135 39973 34938
130825 148 148 40076 34925
130826 152 145 40134 34928
130827 171 161 40097 34912
130828 151 140 40310 34933
130829 103 125 40011 34948
130830 118 130 40178 34943
130831 159 143 40142 34930
130832 112 126 40210 34947
130833 142 142 40060 34931
130834 150 130 40069 34943
130835 128 128 40038 34945
130836 132 134 40197 34939
130837 127 131 39970 34942
130838 146 134 40087 34939
130839 150 140 40309 34933
130840 99 121 40163 34952
130841 123 124 40271 34949
130842 138 142 40171 34931
130843 146 138 39971 34935
130844 135 135 40185 34938
130845 130 126 40149 34947
130846 146 138 39947 34935
130847 137 141 40255 34932
130848 153 140 39911 34933
130849 148 138 40053 34935
130850 114 128 40156 34945
130851 127 129 40120 34944
130852 138 137 39965 34936
130853 118 123 40289 34950
130854 147 143 40274 34930
130855 129 136 40162 34937
130856 120 126 40201 34947
130857 129 128 40199 34945
130858 129 119 39999 34954
130859 143 145 40167 34928
130860 119 132 40109 34941
130861 122 122 40274 34951
130862 94 127 40148 34946
130863 142 143 40035 34930
130864 118 131 40272 34942
130865 150 128 40002 34945
130866 146 138 40064 34935
130867 130 142 39958 34931
130868 164 155 40096 34918
130869 143 126 40142 34947
130870 132 129 39881 34944
130871 122 141 40265 34932
130872 143 133 40192 34940
130873 114 122 40215 34951
130874 118 125 40191 34948
130875 154 143 40167 34930
130876 143 140 40191 34933
130877 116 112 40189 34961
130878 112 113 40042 34960
130879 134 128 40152 34945
130880 125 124 39995 34949
130881 111 109 40083 34964
130882 140 133 40244 34940
130883 122 130 40143 34943
130884 130 134 39972 34939
130885 131 136 40083 34937
130886 98 114 40130 34959
130887 140 133 40270 34940
130888 137 144 40080 34929
130889 136 130 40173 34943
130890 143 137 40031 34936
130891 119 124 40107 34949
130892 121 131 40189 34942
130893 127 128 40124 34945
130894 146 139 40136 34934
130895 131 127 40015 34946
130896 143 140 39972 34933
130897 106 115 39962 34958
130898 148 139 40053 34934
130899 142 136 39936 34937
130900 137 144 40101 34929
130901 122 129 40225 34944
130902 121 124 40202 34949
130903 151 135 39833 34938
130904 139 136 40136 34937
130905 114 133 40026 34940
130906 128 146 39967 34927
130907 139 145 40305 34928
130908 92 105 40239 34968
130909 136 135 40192 34938
130910 153 131 40082 34942
130911 108 120 40226 34953
130912 113 113 40383 34960
130913 127 129 40010 34944
130914 151 147 40098 34926
130915 150 146 40261 34927
130916 141 134 40102 34939
130917 132 137 39844 34936
130918 118 124 40168 34949
130919 143 129 40112 34944
130920 112 114 40171 34959
130921 128 132 40085 34941
130922 126 129 39950 34944
130923 156 141 39912 34932
130924 120 121 40240 34952
130925 127 124 40253 34949
130926 113 133 40053 34940
130927 125 135 40058 34938
131083 132 132 40165 34941
131086 109 120 40232 34953
131087 109 129 40173 34944
131088 126 126 40173 34947
131090 129 131 40087 34942
131093 133 127 39947 34946
131094 133 127 40226 34946
131098 138 136 40051 34937
131099 134 129 40119 34944
131100 140 136 40274 34937
131101 132 131 40132 34942
131102 96 112 40149 34961
133135 136 138 40247 34935
140733 141 134 40258 34939
140734 133 132 40203 34941
140735 128 143 40145 34930
140736 121 137 40179 34936
140737 119 124 40293 34949
141730 96 107 40110 34966
141802 112 106 40266 34967
141867 134 138 39944 34935
141868 147 136 40147 34937
141869 136 143 40156 34930
141870 146 139 40075 34934
141938 127 129 40156 34944
149635 100 113 40027 34960
149637 130 127 40034 34946
149638 118 124 40043 34949
149639 123 127 39973 34946
149640 163 149 40181 34924
149641 134 138 39740 34935
149642 144 132 39958 34941
149643 134 144 39996 34929
149644 144 137 40219 34936
149645 145 128 40120 34945
149646 99 124 40373 34949
149647 147 142 39944 34931
149648 131 132 39900 34941
149649 144 135 40214 34938
149650 109 122 39997 34951
149651 132 128 39889 34945
149652 126 130 40064 34943
149653 132 134 39928 34939
149654 151 153 40242 34920
149655 135 136 40057 34937
149656 140 141 40046 34932
149657 120 124 39952 34949
149658 140 139 40214 34934
149659 130 128 40196 34945
149660 139 134 40296 34939
149661 126 134 40085 34939
149662 145 135 40231 34938
149663 112 124 40156 34949
149664 121 127 39847 34946
149665 168 149 39911 34924
149666 162 147 40200 34926
149667 136 133 40221 34940
149668 126 128 39962 34945
149669 139 138 40061 34935
149670 160 146 40150 34927
149671 131 132 40064 34941
149672 99 110 40159 34963
149673 146 136 39978 34937
149674 128 120 40149 34953
149675 145 143 40089 34930
149676 113 123 40014 34950
149677 109 118 40112 34955
149678 115 122 39951 34951
149679 138 130 40078 34943
149680 151 138 40210 34935
149681 144 135 40040 34938
149682 142 144 39991 34929
149683 113 118 40361 34955
152612 102 108 40307 34965
155329 146 151 40182 34922
155455 111 115 40220 34958
155458 118 114 40066 34959
165537 120 134 39963 34939
165538 142 145 40034 34928
165539 171 149 39993 34924
165540 141 139 40189 34934
165541 132 139 40132 34934
165542 132 140 40017 34933
165551 177 159 39860 34914
165552 102 119 40269 34954
165553 146 146 40157 34927
165554 151 140 39948 34933
165555 123 125 40286 34948
165649 105 134 40004 34939
165766 101 107 40022 34966
166286 117 118 40134 34955
166293 111 118 40075 34955
166294 148 139 39984 34934
166295 126 141 40112 34932
166296 150 140 40128 34933
166297 134 132 40121 34941
166298 131 127 39968 34946
166299 112 121 40196 34952
166302 105 104 40026 34969
166303 136 133 40080 34940
166304 111 124 39997 34949
166307 135 136 40008 34937
166308 129 135 39980 34938
166309 126 116 40155 34957
166310 105 118 40089 34955
166311 128 124 40086 34949
166312 143 133 40000 34940
166313 140 138 39887 34935
166314 167 157 39893 34916
166315 130 134 39973 34939
166316 132 129 40108 34944
166317 137 127 39974 34946
166318 116 133 40122 34940
166319 146 147 39866 34926
166320 129 127 40047 34946
166321 110 124 39955 34949
166322 149 143 39856 34930
166323 151 146 40050 34927
166324 136 133 40002 34940
166325 116 122 40067 34951
166326 124 127 40165 34946
166327 122 131 39943 34942
166328 126 125 40064 34948
166329 123 124 39905 34949
166330 154 142 40024 34931
166331 127 130 40006 34943
166332 125 121 40021 34952
166333 113 125 39748 34948
166334 133 134 40175 34939
166335 139 137 40160 34936
166336 134 128 40119 34945
166337 132 130 39861 34943
166338 125 134 39973 34939
166339 144 136 40129 34937
166340 132 128 39925 34945
166341 127 137 39865 34936
166342 129 120 40185 34953
166343 129 123 40108 34950
166344 125 119 40176 34954
166345 151 140 39980 34933
166346 152 141 40032 34932
166347 127 129 40102 34944
166348 114 128 40141 34945
166349 130 123 40011 34950
166350 124 134 39994 34939
166351 119 120 39945 34953
166352 135 124 40130 34949
166353 109 121 40106 34952
166354 161 151 40000 34922
166355 143 138 39902 34935
166356 126 120 40039 34953
166357 169 151 40139 34922
166358 148 144 39950 34929
166359 149 152 39990 34921
166360 157 148 40224 34925
166361 118 131 40137 34942
166362 125 140 40018 34933
166363 142 137 40190 34936
166364 139 142 40011 34931
166365 128 136 40102 34937
166366 160 146 40163 34927
166367 157 142 40022 34931
166368 116 124 40196 34949
166369 143 146 40186 34927
166370 129 138 40009 34935
166371 122 129 39853 34944
166372 134 143 40145 34930
166375 116 125 40150 34948
166376 119 131 40056 34942
166377 117 128 40046 34945
166378 114 127 40142 34946
166379 113 120 40139 34953
166380 148 146 39972 34927
166381 136 131 40158 34942
166382 114 134 40082 34939
166383 144 149 40036 34924
166384 153 142 40235 34931
166385 146 132 40168 34941
166386 148 148 39921 34925
166387 134 131 39806 34942
166388 142 135 39868 34938
166389 154 133 40002 34940
166390 113 122 40020 34951
166391 141 134 40191 34939
166392 158 143 39823 34930
166393 154 151 40273 34922
166394 130 121 39995 34952
166395 150 136 40057 34937
166396 151 138 40238 34935
166397 143 141 39843 34932
166398 137 133 40221 34940
166399 143 141 40030 34932
166400 133 120 40136 34953
166401 126 129 40194 34944
166402 147 144 39962 34929
166403 136 135 39962 34938
166404 155 151 39983 34922
166405 154 146 40132 34927
166406 134 133 40114 34940
166407 134 142 40088 34931
166408 138 136 40156 34937
166409 139 138 40000 34935
166410 138 134 40066 34939
166411 142 130 40185 34943
166412 125 119 39943 34954
166413 114 119 40064 34954
166414 116 122 40131 34951
166415 126 132 40223 34941
166416 136 141 40059 34932
166417 137 135 40185 34938
166418 113 128 40045 34945
166419 135 140 39799 34933
166420 128 125 40149 34948
166421 118 125 40211 34948
166422 107 114 40124 34959
166423 115 112 39957 34961
166424 111 129 40073 34944
166425 117 122 40176 34951
166426 145 132 39883 34941
166427 159 148 40052 34925
166428 147 130 39985 34943
166429 142 139 39997 34934
166430 115 119 40146 34954
166431 147 134 40073 34939
166432 126 127 40080 34946
166433 119 128 40121 34945
166434 134 146 40122 34927
166435 149 137 40096 34936
166436 145 141 40118 34932
166437 122 132 40141 34941
166438 150 130 40057 34943
166439 127 117 40111 34956
166440 121 125 39945 34948
166441 127 134 40145 34939
166442 136 137 40054 34936
166443 127 135 40061 34938
166444 144 143 40109 34930
166445 152 146 40081 34927
166446 144 134 40106 34939
166447 123 133 40223 34940
166448 128 130 40333 34943
166449 122 136 40093 34937
166450 133 130 39966 34943
166451 130 137 40119 34936
166452 145 136 40047 34937
166453 106 124 40132 34949
166454 101 112 40026 34961
166455 119 122 40258 34951
166494 141 138 40133 34935
166495 117 137 40106 34936
166496 138 138 40128 34935
166501 144 138 40028 34935
166502 118 134 40210 34939
166503 107 117 39903 34956
166504 130 126 40107 34947
166505 139 132 40161 34941
166506 132 143 40105 34930
166507 145 140 40085 34933
166508 131 129 40185 34944
166509 111 120 40142 34953
166510 142 141 40017 34932
166511 132 129 40122 34944
166512 156 140 39965 34933
166513 128 134 40200 34939
166514 140 138 40064 34935
166515 123 129 40095 34944
166516 138 133 40027 34940
166517 148 143 39960 34930
166518 106 116 40205 34957
166519 167 151 40114 34922
166520 164 154 40012 34919
166521 150 146 40087 34927
166522 117 126 40028 34947
166523 150 138 40007 34935
166525 149 134 40084 34939
166539 128 133 40024 34940
178216 82 95 40078 34978
178232 125 111 40196 34962
178815 108 109 40082 34964
180531 79 85 39894 34988
180532 120 112 40150 34961
180558 113 119 40167 34954
180575 100 107 40140 34966
180578 131 127 40117 34946
180579 160 146 39926 34927
180580 139 141 40057 34932
180581 128 129 39840 34944
180583 122 135 40076 34938
180585 119 125 39839 34948
180586 111 121 40154 34952
180589 130 128 39795 34945
180590 114 122 40096 34951
180591 135 128 39979 34945
180592 143 136 39997 34937
180593 135 135 39911 34938
180594 135 130 40292 34943
180595 135 136 40044 34937
180596 173 148 40110 34925
180597 135 133 40238 34940
180663 121 141 40028 34932
180706 129 126 40141 34947
180707 118 131 39851 34942
180708 155 145 40029 34928
180709 129 127 40099 34946
180710 124 122 40123 34951
180711 139 127 40098 34946
180712 103 115 40058 34958
180713 120 124 40088 34949
180714 115 126 40047 34947
180715 141 133 39892 34940
180716 154 139 40021 34934
180717 121 127 40134 34946
180718 151 135 40097 34938
180719 132 128 39897 34945
180720 146 133 40012 34940
180721 147 151 39911 34922
180722 145 143 40047 34930
180723 149 150 40217 34923
180724 156 150 40162 34923
180725 146 147 39960 34926
180726 160 155 39964 34918
180727 141 147 40187 34926
180728 141 149 39920 34924
180730 130 132 40009 34941
180756 110 115 40076 34958
180785 103 101 40244 34972
180786 128 131 40099 34942
180787 131 134 40102 34939
180788 142 131 40157 34942
180789 140 140 39999 34933
180790 120 117 40149 34956
180791 121 123 40094 34950
180792 170 151 39969 34922
180793 136 138 39978 34935
180794 140 135 39995 34938
180795 148 144 40123 34929
180796 152 145 40065 34928
180797 157 140 40219 34933
180798 139 139 40139 34934
180799 139 136 40027 34937
180800 166 151 40191 34922
180801 149 139 40001 34934
180802 161 145 40120 34928
180803 149 148 39956 34925
180804 159 151 40115 34922
180805 142 142 39818 34931
180806 150 147 39969 34926
180807 139 149 39912 34924
180808 139 137 40032 34936
180809 128 140 39842 34933
180810 133 142 40142 34931
180811 151 139 40201 34934
180812 128 130 39995 34943
180813 136 136 40093 34937
180820 127 127 40084 34946
180914 113 112 40182 34961
180917 131 118 40069 34955
180922 141 132 39983 34941
180960 132 131 39997 34942
180961 140 134 40244 34939
180962 129 130 39944 34943
180963 113 129 39949 34944
181195 104 125 40050 34948
181196 127 128 40178 34945
181197 139 139 39955 34934
181198 121 135 39917 34938
181199 129 130 40087 34943
181202 149 142 40073 34931
181203 123 127 40067 34946
181204 115 123 40118 34950
181205 125 120 40144 34953
181206 133 124 40093 34949
181207 158 148 40124 34925
181208 147 148 40182 34925
181209 128 126 40098 34947
181210 152 140 40167 34933
181211 160 162 40077 34911
181212 129 123 40096 34950
181213 163 141 39766 34932
181214 156 146 40235 34927
181215 164 150 39809 34923
181216 147 150 40028 34923
181217 154 148 40093 34925
181218 114 123 40104 34950
181219 97 107 40160 34966
181220 153 138 39987 34935
181221 136 131 39986 34942
181222 139 138 40041 34935
181223 144 136 40105 34937
181224 137 128 40096 34945
181225 113 119 39983 34954
181451 128 127 40212 34946
181452 148 145 40221 34928
181454 162 150 39990 34923
181456 137 126 40130 34947
181531 112 116 40000 34957
181557 121 122 40058 34951
182171 124 136 40017 34937
182172 147 141 40081 34932
182173 120 129 39970 34944
182174 123 134 40185 34939
182175 155 144 39836 34929
182176 113 134 39969 34939
182177 134 125 40202 34948
183129 116 125 40116 34948
183297 127 135 39896 34938
183304 126 129 40199 34944
183380 133 131 40088 34942
183381 135 139 40063 34934
183383 147 144 40201 34929
183389 127 131 40101 34942
183390 141 140 40152 34933
183577 143 135 40147 34938
184668 88 105 40032 34968
184882 150 146 40040 34927
184883 137 148 40079 34925
184884 149 146 39764 34927
184885 158 146 39944 34927
184886 130 129 40050 34944
184887 131 146 40035 34927
184888 167 147 40206 34926
184889 140 138 39900 34935
184890 117 133 40068 34940
184891 134 141 40050 34932
184892 158 154 40009 34919
184893 120 142 39943 34931
184894 152 144 39971 34929
184895 147 147 40053 34926
184896 139 140 40029 34933
184897 139 134 40099 34939
184898 141 144 40029 34929
184899 141 151 39991 34922
184900 137 138 40056 34935
184901 126 131 40159 34942
184902 158 151 40152 34922
184903 181 164 39917 34909
184904 128 139 40126 34934
184905 129 145 40203 34928
184906 148 149 40194 34924
184907 156 141 40050 34932
184908 152 155 40343 34918
184909 141 139 40108 34934
184910 147 157 40078 34916
184911 137 133 40259 34940
184912 143 149 40152 34924
184913 119 138 40112 34935
184914 138 142 40084 34931
184915 154 152 40173 34921
184916 138 142 39857 34931
184917 128 131 39963 34942
184918 147 147 39971 34926
184919 138 137 40170 34936
184920 141 145 40064 34928
184921 114 119 39873 34954
184922 154 144 39959 34929
184923 148 151 39861 34922
184924 129 142 40223 34931
184925 155 144 40139 34929
184926 141 140 39958 34933
184927 147 145 39977 34928
184928 138 138 39995 34935
184929 137 141 40147 34932
184930 142 146 39995 34927
184931 120 131 40125 34942
184932 150 145 40309 34928
184933 132 135 40048 34938
184934 164 150 40058 34923
184935 160 153 40097 34920
184936 161 161 40009 34912
184937 159 150 39927 34923
184938 124 134 40144 34939
184939 131 133 40053 34940
184940 146 139 40143 34934
184941 161 151 39982 34922
184942 140 142 40010 34931
184943 126 142 40106 34931
184944 134 138 39900 34935
184945 141 144 40093 34929
184964 121 118 39986 34955
185053 156 135 40077 34938
185148 130 143 40090 34930
185189 120 143 40105 34930
185191 134 131 39967 34942
185291 129 132 40025 34941
185449 99 113 40025 34960
185573 113 122 40188 34951
185574 123 125 39955 34948
185657 99 112 40331 34961
185666 144 142 40012 34931
185667 155 151 40092 34922
185668 139 149 39972 34924
185669 144 142 40104 34931
185670 110 119 40108 34954
185671 106 133 40084 34940
185672 154 148 40019 34925
185673 135 138 40202 34935
185674 136 148 40168 34925
185675 120 127 39906 34946
185676 129 135 40042 34938
185677 128 144 39910 34929
185678 134 135 39803 34938
185679 154 137 40050 34936
185680 145 140 39997 34933
185681 126 139 40194 34934
185682 155 138 40121 34935
185683 137 138 40000 34935
185684 125 136 40086 34937
185685 140 149 39989 34924
185686 121 135 40056 34938
185687 143 144 39940 34929
185688 140 149 39973 34924
185689 147 145 40108 34928
185690 152 148 39902 34925
185691 162 156 39875 34917
185692 135 138 40062 34935
185693 144 136 40097 34937
185694 110 114 40006 34959
185695 143 146 40031 34927
185696 157 147 40097 34926
185697 136 136 40137 34937
185698 127 127 40105 34946
186202 113 126 40148 34947
186254 97 114 40050 34959
186386 134 135 40171 34938
186387 138 140 40082 34933
186491 130 134 40052 34939
186492 131 143 40118 34930
186617 128 122 40048 34951
186652 105 113 40222 34960
186653 106 115 40024 34958
186654 124 128 40060 34945
187472 116 129 40046 34944
187663 135 127 40151 34946
187823 126 135 39979 34938
187936 113 122 40190 34951
188038 116 116 40055 34957
188069 153 129 40109 34944
188070 133 132 40086 34941
188071 137 125 39913 34948
188072 137 131 40068 34942
188073 110 107 39928 34966
188074 133 136 40024 34937
188075 124 116 39877 34957
188076 133 142 39970 34931
188077 137 154 40177 34919
188078 142 139 40097 34934
188079 130 134 40051 34939
188080 118 126 40014 34947
188081 151 144 39983 34929
188082 134 127 40216 34946
188083 141 148 40046 34925
188084 127 130 39992 34943
188085 124 118 40118 34955
188086 149 143 40001 34930
188087 113 124 40010 34949
188088 150 139 40033 34934
188089 130 125 39987 34948
188090 146 143 40032 34930
188091 123 132 39995 34941
188092 137 125 40077 34948
188093 148 150 40227 34923
188094 153 147 39897 34926
188095 117 118 39878 34955
188096 145 142 40032 34931
188097 136 141 40083 34932
188098 102 121 40366 34952
188099 120 137 39880 34936
188100 152 143 40162 34930
188101 112 120 39973 34953
188102 101 110 39971 34963
188103 131 133 40109 34940
188104 121 137 40138 34936
188105 157 146 40039 34927
188106 138 131 40092 34942
188107 134 132 40023 34941
188108 124 125 40031 34948
188109 137 135 39954 34938
188110 142 133 40026 34940
188111 138 142 40167 34931
188112 140 135 39963 34938
188113 118 129 40050 34944
188114 119 118 39951 34955
188115 140 136 39986 34937
188116 125 123 40146 34950
188117 133 136 40159 34937
188118 130 126 40056 34947
188119 136 144 39983 34929
188120 131 122 40084 34951
188121 108 112 40158 34961
188122 96 124 39956 34949
188123 149 138 40220 34935
188124 136 139 40161 34934
188125 128 147 40021 34926
188126 152 140 40367 34933
188127 174 163 40051 34910
188128 137 131 39997 34942
188129 147 141 40233 34932
188130 144 144 39819 34929
188131 132 142 40115 34931
188132 139 139 39991 34934
188133 148 136 40040 34937
188134 129 136 40014 34937
191668 92 105 40108 34968
191830 94 108 40142 34965
191846 126 118 40385 34955
191905 120 122 40033 34951
196691 129 126 40197 34947
196692 132 127 39851 34946
201730 140 142 40070 34931
202437 132 127 40181 34946
209798 146 137 40171 34936
209799 138 143 40070 34930
209800 120 121 40087 34952
209801 121 126 40200 34947
209802 154 152 40060 34921
209803 124 131 40288 34942
209804 134 137 40124 34936
209831 98 109 40092 34964
210018 92 104 40147 34969
211367 116 120 40115 34953
211372 129 137 39966 34936
211373 141 139 40196 34934
211374 138 130 40238 34943
211375 140 136 40134 34937
211376 119 133 40151 34940
211377 138 129 40024 34944
211378 139 131 40222 34942
211379 140 138 40097 34935
211380 114 125 40161 34948
211381 136 140 40183 34933
211382 144 149 40271 34924
211383 148 142 39937 34931
211384 111 130 40062 34943
211385 132 147 40184 34926
211386 129 140 40198 34933
211387 164 154 39984 34919
211388 131 131 39914 34942
211389 118 122 40244 34951
211390 117 119 40135 34954
211391 147 137 39827 34936
211392 136 129 39976 34944
211393 150 146 40058 34927
211394 152 138 40004 34935
211395 129 131 39913 34942
211396 124 130 40371 34943
211397 135 133 40103 34940
211398 135 136 40058 34937
211399 166 164 39899 34909
211400 125 137 40113 34936
211401 148 148 39768 34925
211402 127 136 40079 34937
211403 128 125 40119 34948
211404 141 140 40001 34933
211405 146 146 39911 34927
211406 126 120 40027 34953
211407 135 125 40087 34948
211408 129 134 40085 34939
211409 145 141 40049 34932
211410 138 143 40070 34930
211411 131 143 40036 34930
211412 140 149 40096 34924
211413 133 138 39991 34935
211414 126 118 40105 34955
211415 132 133 40352 34940
211416 147 137 39986 34936
211417 131 133 40165 34940
211418 153 140 40026 34933
211419 118 121 39871 34952
211420 115 129 40005 34944
211421 134 136 40207 34937
211422 114 113 40150 34960
211423 122 126 39944 34947
211424 133 136 40051 34937
211425 135 137 39974 34936
211426 133 136 39918 34937
211427 128 134 40304 34939
211428 158 147 40151 34926
211429 122 117 40292 34956
211430 152 136 39942 34937
211431 110 116 40333 34957
211432 130 136 40102 34937
211461 111 124 40123 34949
211462 132 135 40017 34938
211463 143 139 40052 34934
211464 107 114 40076 34959
211465 120 122 39936 34951
211466 116 121 39934 34952
211467 163 159 40021 34914
211468 117 133 40049 34940
211469 135 136 40068 34937
211470 142 136 40048 34937
211471 135 142 40095 34931
211472 143 143 40198 34930
211473 108 129 40043 34944
211474 139 129 40006 34944
211475 137 140 40076 34933
211476 146 142 40011 34931
211477 132 133 40051 34940
211478 113 121 39984 34952
211479 131 143 40131 34930
211480 124 121 40091 34952
211481 153 149 39933 34924
211482 120 126 40199 34947
211483 141 134 39945 34939
211484 148 144 40200 34929
211485 118 113 40210 34960
211486 125 124 39958 34949
211487 107 123 40012 34950
211488 119 123 40251 34950
211489 110 122 40083 34951
211490 106 113 40122 34960
211491 138 135 40039 34938
211492 116 124 40111 34949
211493 126 135 40060 34938
211494 147 137 40031 34936
211495 121 129 40197 34944
211496 154 140 40117 34933
211497 145 139 39940 34934
211498 132 139 40040 34934
211499 129 137 40179 34936
211500 129 139 40120 34934
211501 135 131 40068 34942
211502 148 138 40004 34935
211503 116 118 40391 34955
211504 145 154 40246 34919
211505 136 134 40040 34939
211506 133 131 40029 34942
211507 113 130 39898 34943
211508 120 124 40020 34949
211509 123 124 40163 34949
211510 119 129 40188 34944
211511 121 136 40147 34937
211512 142 140 40291 34933
211513 140 132 40175 34941
211514 120 126 40104 34947
211515 135 125 40371 34948
211516 146 148 40187 34925
211517 121 122 39999 34951
211518 139 130 40195 34943
211519 143 133 39965 34940
211520 96 121 39997 34952
211521 122 132 40055 34941
211522 153 139 40201 34934
211523 149 150 39924 34923
211524 128 125 40093 34948
211525 150 145 40137 34928
211526 169 162 39918 34911
211527 137 133 40122 34940
211528 152 138 39952 34935
211529 133 133 40234 34940
211530 156 147 40079 34926
211531 140 137 40040 34936
211532 112 123 40097 34950
211533 149 137 40111 34936
211534 130 135 40121 34938
211535 125 135 40187 34938
211536 128 124 40125 34949
211537 113 122 40048 34951
211538 146 136 40055 34937
211539 123 129 40193 34944
211540 141 137 40280 34936
211541 141 133 40103 34940
211542 123 118 40004 34955
211543 104 120 40222 34953
211544 146 145 40075 34928
211545 132 126 40185 34947
211546 116 114 39943 34959
211547 137 145 40144 34928
211548 136 129 40335 34944
211549 134 129 40163 34944
211550 130 135 40115 34938
211551 113 129 40080 34944
211552 115 126 39982 34947
211553 120 125 40166 34948
211554 167 145 40134 34928
211555 130 136 40089 34937
211556 157 150 39930 34923
211557 122 139 40132 34934
211558 124 130 40193 34943
211559 145 138 40073 34935
211560 153 151 40150 34922
211561 128 126 39978 34947
211562 129 127 40103 34946
211563 143 136 39949 34937
211564 131 138 40116 34935
211565 132 135 39951 34938
211566 129 139 40269 34934
211567 152 141 40117 34932
211568 143 130 40059 34943
211569 164 141 40246 34932
211570 137 122 40230 34951
211571 135 133 40011 34940
211572 146 140 40236 34933
211573 146 145 39985 34928
211574 136 137 40140 34936
211575 135 139 40120 34934
211576 128 131 40105 34942
211577 117 126 40037 34947
211578 128 131 40174 34942
211579 106 120 40048 34953
211580 105 121 40271 34952
211581 148 148 39920 34925
211582 123 139 40202 34934
211583 145 143 40187 34930
211584 113 122 40200 34951
211585 144 131 40019 34942
211586 126 125 40145 34948
211587 127 133 39991 34940
211588 152 148 39968 34925
211589 120 120 40130 34953
211590 131 133 40285 34940
211591 162 147 40306 34926
211592 125 128 39886 34945
211593 140 136 39799 34937
211594 127 122 40171 34951
211595 140 141 40201 34932
211596 128 125 40140 34948
211597 133 133 40045 34940
211598 111 121 40190 34952
211599 128 125 40132 34948
211600 150 145 40001 34928
211601 153 145 40150 34928
211602 119 127 39982 34946
211603 143 129 40247 34944
211604 129 131 40033 34942
211605 117 126 40070 34947
211606 123 127 40225 34946
211607 135 136 39977 34937
211608 139 139 40177 34934
211609 150 138 40064 34935
211610 157 139 40034 34934
211617 132 126 40006 34947
215870 132 134 40027 34939
215871 140 142 40114 34931
215872 132 140 39995 34933
215873 120 133 40090 34940
215874 155 145 40078 34928
215875 144 141 40095 34932
215876 128 128 39938 34945
215877 151 140 40016 34933
215884 147 143 39987 34930
215885 131 134 40026 34939
215886 151 138 40171 34935
216043 130 123 40187 34950
219454 154 141 40028 34932
219455 124 139 39986 34934
219456 153 151 40049 34922
219457 144 135 40125 34938
219458 133 141 39968 34932
219459 124 138 40073 34935
219460 108 130 40228 34943
219461 144 138 40214 34935
219462 144 140 40089 34933
219463 154 152 39995 34921
219469 126 136 40268 34937
219470 126 133 40217 34940
219472 119 122 40032 34951
219474 118 113 40160 34960
219484 120 132 40293 34941
219485 123 125 40322 34948
219716 126 129 40279 34944
219719 143 138 40023 34935
219720 104 114 39948 34959
219721 155 144 40131 34929
219722 145 147 40113 34926
219723 141 142 40053 34931
219724 116 130 39991 34943
219725 157 151 40215 34922
219726 135 132 40085 34941
219727 132 142 40097 34931
219728 136 138 40182 34935
219729 140 141 39986 34932
219730 112 120 40063 34953
219731 123 128 40217 34945
219993 129 133 40199 34940
221511 117 127 40159 34946
221557 120 136 40123 34937
222770 121 133 40201 34940
222771 141 145 39986 34928
224454 118 115 40200 34958
224473 126 125 40114 34948
224513 129 129 40082 34944
224569 138 132 40196 34941
225044 135 132 40051 34941
225045 113 123 40021 34950
225046 119 133 40120 34940
225119 144 141 40111 34932
225121 145 137 40080 34936
225318 121 128 40212 34945
225319 110 111 40271 34962
225349 118 117 39947 34956
225558 93 104 40143 34969
225566 115 126 39938 34947
225569 124 126 40165 34947
225570 127 126 40143 34947
225571 119 135 40171 34938
225572 117 133 39944 34940
225573 140 136 40231 34937
225574 153 138 40235 34935
225575 123 124 40048 34949
225576 109 115 40120 34958
225577 135 137 40051 34936
225578 139 138 39987 34935
225579 140 139 40136 34934
225580 113 128 39988 34945
225581 146 144 40095 34929
225582 123 129 40150 34944
225585 132 125 39995 34948
225586 139 130 40103 34943
225587 118 128 40248 34945
225588 113 124 40088 34949
226223 124 124 40197 34949
226224 98 115 39896 34958
226226 125 128 40081 34945
227969 115 118 40222 34955
227974 140 137 39933 34936
227977 123 132 40025 34941
227991 143 136 40076 34937
227992 143 137 40182 34936
227993 138 141 40276 34932
228079 164 149 39815 34924
228080 146 139 40053 34934
228081 135 138 39990 34935
228082 110 117 40012 34956
228083 132 139 39898 34934
228084 133 147 40098 34926
228085 139 131 40234 34942
228086 140 139 40052 34934
228089 129 129 40327 34944
228091 101 116 40229 34957
228096 130 140 40041 34933
228097 111 113 40075 34960
228163 92 106 40031 34967
228201 133 131 40206 34942
228202 120 129 40349 34944
228203 131 139 39939 34934
228204 156 136 40080 34937
228205 151 153 40109 34920
228206 129 133 40169 34940
228207 115 126 40064 34947
228208 117 136 40153 34937
228212 129 128 40069 34945
228217 137 124 39978 34949
233323 104 108 39939 34965
234506 132 120 40222 34953
234507 129 131 40012 34942
234518 110 111 39952 34962
241773 106 114 39888 34959
241781 121 129 39964 34944
241782 118 127 39960 34946
241783 145 148 40164 34925
241784 155 146 40085 34927
241785 142 137 40186 34936
241786 120 131 40119 34942
241787 128 133 40028 34940
241788 142 125 40060 34948
241789 132 133 40091 34940
241790 146 139 40173 34934
241791 118 123 40030 34950
241792 149 142 40085 34931
241793 112 127 40008 34946
241794 124 130 39948 34943
241795 105 122 40057 34951
241796 148 144 39934 34929
241797 110 122 40260 34951
241798 120 119 40211 34954
241808 131 125 40062 34948
242706 113 123 40098 34950
242707 149 142 39808 34931
248528 128 127 40157 34946
252380 135 134 40218 34939
252382 122 131 40074 34942
252383 116 118 40085 34955
252394 138 120 40069 34953
252395 130 129 40201 34944
252396 135 129 40333 34944
252397 145 139 40190 34934
252398 127 128 40082 34945
252399 131 129 40312 34944
252400 128 129 40118 34944
252401 135 137 40169 34936
252402 111 111 40071 34962
252403 143 141 39983 34932
252404 119 123 40077 34950
252405 142 141 39988 34932
252406 101 114 39977 34959
252407 154 141 40119 34932
252408 151 148 39994 34925
252409 125 130 40024 34943
252410 139 146 40038 34927
252411 131 133 40320 34940
252412 131 134 40048 34939
255845 129 129 40000 34944
255846 134 140 40171 34933
255847 119 124 40195 34949
255848 114 133 40087 34940
255849 137 134 40105 34939
255850 145 138 40031 34935
255851 139 140 40131 34933
255852 143 140 40126 34933
255853 133 129 40058 34944
255854 117 120 40147 34953
255855 122 123 39890 34950
255856 143 144 40140 34929
255857 129 125 40104 34948
255858 125 131 40115 34942
255859 138 128 40237 34945
255860 120 131 40078 34942
255861 125 135 40095 34938
255862 131 134 40045 34939
255863 117 119 40071 34954
255864 151 145 40180 34928
255865 130 132 39997 34941
255866 125 132 39826 34941
255867 111 120 40066 34953
255868 133 142 39937 34931
255869 136 126 40217 34947
255870 129 126 39955 34947
255871 153 143 40296 34930
255872 137 128 40270 34945
255873 107 122 40000 34951
255874 112 120 40097 34953
255875 130 123 40389 34950
255876 146 136 40156 34937
255877 124 128 39998 34945
255878 139 132 39900 34941
255879 124 128 40029 34945
255880 121 122 40010 34951
255881 137 132 40179 34941
255882 114 133 40024 34940
255883 143 149 40041 34924
255884 128 135 40152 34938
255885 116 132 40183 34941
255886 139 129 40179 34944
255887 142 133 40202 34940
255888 148 139 39996 34934
255889 153 139 40105 34934
255890 141 139 40169 34934
255891 140 139 39800 34934
255892 148 139 40089 34934
255893 144 136 39964 34937
255894 127 127 40041 34946
255895 112 114 40225 34959
255896 108 112 40031 34961
255897 133 137 39840 34936
255898 143 131 40141 34942
255899 112 114 39874 34959
255900 127 136 40085 34937
255901 130 129 40030 34944
255902 132 136 40069 34937
255903 112 131 40038 34942
255904 124 128 40019 34945
255905 145 147 40069 34926
255906 129 132 40034 34941
255907 149 141 40020 34932
255908 137 131 40312 34942
255909 119 124 40131 34949
255910 144 138 40013 34935
255911 145 138 40059 34935
255912 156 146 40177 34927
255913 142 137 40123 34936
255914 128 125 40111 34948
255915 115 125 40179 34948
255916 134 129 40217 34944
255917 128 128 40104 34945
255918 163 140 40232 34933
255919 128 132 40135 34941
255920 148 148 39931 34925
255921 129 133 40064 34940
255922 160 144 40202 34929
255923 148 147 40078 34926
255924 128 143 40122 34930
255926 114 120 40185 34953
255927 141 131 40227 34942
255928 138 137 40048 34936
255929 104 107 40278 34966
